<?xml version="1.0" encoding="UTF-8"?>
<!-- Generated by org.testng.reporters.JUnitXMLReporter -->
<testsuite hostname="LAPTOP-1LL282FT" ignored="0" name="Default test" tests="5" failures="0" timestamp="2023-03-15T09:28:30 IST" time="37.096" errors="0">
  <testcase name="purchase" time="3.002" classname="TestScripts.FunctionScript"/>
  <testcase name="additem" time="6.353" classname="TestScripts.FunctionScript"/>
  <testcase name="additem" time="6.69" classname="TestScripts.FunctionScript"/>
  <testcase name="delete" time="0.202" classname="TestScripts.FunctionScript"/>
  <testcase name="placeorder" time="12.559" classname="TestScripts.FunctionScript"/>
</testsuite> <!-- Default test -->
